0 info it worked if it ends with ok
1 verbose cli [ 'E:\\Node\\node.exe',
1 verbose cli   'E:\\Node\\node_modules\\npm\\bin\\npm-cli.js',
1 verbose cli   'run',
1 verbose cli   'dev' ]
2 info using npm@3.10.9
3 info using node@v6.9.2
4 verbose run-script [ 'predev', 'dev', 'postdev' ]
5 info lifecycle webpack-mpa@1.0.0~predev: webpack-mpa@1.0.0
6 silly lifecycle webpack-mpa@1.0.0~predev: no script for predev, continuing
7 info lifecycle webpack-mpa@1.0.0~dev: webpack-mpa@1.0.0
8 verbose lifecycle webpack-mpa@1.0.0~dev: unsafe-perm in lifecycle true
9 verbose lifecycle webpack-mpa@1.0.0~dev: PATH: E:\Node\node_modules\npm\bin\node-gyp-bin;F:\zhuxudong\Code\webpack-mpa\node_modules\.bin;C:\Windows\system32;C:\Windows;C:\Windows\System32\Wbem;C:\Windows\System32\WindowsPowerShell\v1.0\;C:\Program Files (x86)\NVIDIA Corporation\PhysX\Common;E:\Node\;C:\Program Files\Common Files\Autodesk Shared\;C:\Program Files (x86)\Autodesk\Backburner\;C:\Program Files\TortoiseSVN\bin;C:\WINDOWS\system32;C:\WINDOWS;C:\WINDOWS\System32\Wbem;C:\WINDOWS\System32\WindowsPowerShell\v1.0\;C:\WINDOWS\System32\OpenSSH\;E:\XAMPP\mysql\bin\;E:\Git\cmd;C:\Program Files\TortoiseGit\bin;C:\Users\ZXD\AppData\Local\Microsoft\WindowsApps;C:\Users\ZXD\AppData\Roaming\npm;
10 verbose lifecycle webpack-mpa@1.0.0~dev: CWD: F:\zhuxudong\Code\webpack-mpa
11 silly lifecycle webpack-mpa@1.0.0~dev: Args: [ '/d /s /c',
11 silly lifecycle   'cross-env NODE_ENV=dev webpack-dev-server --inline --progress  --config ./build/webpack.config.js' ]
12 silly lifecycle webpack-mpa@1.0.0~dev: Returned: code: 3221225786  signal: null
13 info lifecycle webpack-mpa@1.0.0~dev: Failed to exec dev script
14 verbose stack Error: webpack-mpa@1.0.0 dev: `cross-env NODE_ENV=dev webpack-dev-server --inline --progress  --config ./build/webpack.config.js`
14 verbose stack Exit status 3221225786
14 verbose stack     at EventEmitter.<anonymous> (E:\Node\node_modules\npm\lib\utils\lifecycle.js:255:16)
14 verbose stack     at emitTwo (events.js:106:13)
14 verbose stack     at EventEmitter.emit (events.js:191:7)
14 verbose stack     at ChildProcess.<anonymous> (E:\Node\node_modules\npm\lib\utils\spawn.js:40:14)
14 verbose stack     at emitTwo (events.js:106:13)
14 verbose stack     at ChildProcess.emit (events.js:191:7)
14 verbose stack     at maybeClose (internal/child_process.js:877:16)
14 verbose stack     at Process.ChildProcess._handle.onexit (internal/child_process.js:226:5)
15 verbose pkgid webpack-mpa@1.0.0
16 verbose cwd F:\zhuxudong\Code\webpack-mpa
17 error Windows_NT 10.0.17134
18 error argv "E:\\Node\\node.exe" "E:\\Node\\node_modules\\npm\\bin\\npm-cli.js" "run" "dev"
19 error node v6.9.2
20 error npm  v3.10.9
21 error code ELIFECYCLE
22 error webpack-mpa@1.0.0 dev: `cross-env NODE_ENV=dev webpack-dev-server --inline --progress  --config ./build/webpack.config.js`
22 error Exit status 3221225786
23 error Failed at the webpack-mpa@1.0.0 dev script 'cross-env NODE_ENV=dev webpack-dev-server --inline --progress  --config ./build/webpack.config.js'.
23 error Make sure you have the latest version of node.js and npm installed.
23 error If you do, this is most likely a problem with the webpack-mpa package,
23 error not with npm itself.
23 error Tell the author that this fails on your system:
23 error     cross-env NODE_ENV=dev webpack-dev-server --inline --progress  --config ./build/webpack.config.js
23 error You can get information on how to open an issue for this project with:
23 error     npm bugs webpack-mpa
23 error Or if that isn't available, you can get their info via:
23 error     npm owner ls webpack-mpa
23 error There is likely additional logging output above.
24 verbose exit [ 1, true ]
